-------------------------------------------------------------------------------
Test set: com.app.askapp.CcApplicationTests
-------------------------------------------------------------------------------
Tests run: 1, Failures: 0, Errors: 1, Skipped: 0, Time elapsed: 0.229 s <<< FAILURE! - in com.app.askapp.CcApplicationTests
com.app.askapp.CcApplicationTests  Time elapsed: 0.229 s  <<< ERROR!
java.lang.IllegalStateException: Unable to find a @SpringBootConfiguration, you need to use @ContextConfiguration or @SpringBootTest(classes=...) with your test

